{"/Users/ysercanz/Workspaces/workspace.mds/tp-mongo-nodejs-crud/api/index.js": {"path":"/Users/ysercanz/Workspaces/workspace.mds/tp-mongo-nodejs-crud/api/index.js","statementMap":{"0":{"start":{"line":1,"column":15},"end":{"line":1,"column":41}},"1":{"start":{"line":2,"column":16},"end":{"line":2,"column":34}},"2":{"start":{"line":3,"column":19},"end":{"line":3,"column":41}},"3":{"start":{"line":4,"column":17},"end":{"line":4,"column":36}},"4":{"start":{"line":5,"column":12},"end":{"line":5,"column":21}},"5":{"start":{"line":6,"column":20},"end":{"line":6,"column":58}},"6":{"start":{"line":8,"column":0},"end":{"line":8,"column":50}},"7":{"start":{"line":9,"column":0},"end":{"line":9,"column":26}},"8":{"start":{"line":11,"column":24},"end":{"line":13,"column":1}},"9":{"start":{"line":15,"column":13},"end":{"line":15,"column":41}},"10":{"start":{"line":16,"column":33},"end":{"line":18,"column":43}},"11":{"start":{"line":20,"column":20},"end":{"line":37,"column":1}},"12":{"start":{"line":21,"column":2},"end":{"line":36,"column":4}},"13":{"start":{"line":22,"column":4},"end":{"line":28,"column":8}},"14":{"start":{"line":24,"column":18},"end":{"line":24,"column":54}},"15":{"start":{"line":26,"column":8},"end":{"line":26,"column":70}},"16":{"start":{"line":27,"column":8},"end":{"line":27,"column":23}},"17":{"start":{"line":30,"column":4},"end":{"line":30,"column":40}},"18":{"start":{"line":31,"column":4},"end":{"line":31,"column":85}},"19":{"start":{"line":31,"column":27},"end":{"line":31,"column":84}},"20":{"start":{"line":32,"column":4},"end":{"line":35,"column":6}},"21":{"start":{"line":39,"column":0},"end":{"line":39,"column":30}}},"fnMap":{"0":{"name":"(anonymous_0)","decl":{"start":{"line":20,"column":20},"end":{"line":20,"column":21}},"loc":{"start":{"line":20,"column":26},"end":{"line":37,"column":1}},"line":20},"1":{"name":"(anonymous_1)","decl":{"start":{"line":21,"column":21},"end":{"line":21,"column":22}},"loc":{"start":{"line":21,"column":48},"end":{"line":36,"column":3}},"line":21},"2":{"name":"(anonymous_2)","decl":{"start":{"line":24,"column":12},"end":{"line":24,"column":13}},"loc":{"start":{"line":24,"column":18},"end":{"line":24,"column":54}},"line":24},"3":{"name":"(anonymous_3)","decl":{"start":{"line":25,"column":13},"end":{"line":25,"column":14}},"loc":{"start":{"line":25,"column":20},"end":{"line":28,"column":7}},"line":25},"4":{"name":"(anonymous_4)","decl":{"start":{"line":31,"column":21},"end":{"line":31,"column":22}},"loc":{"start":{"line":31,"column":27},"end":{"line":31,"column":84}},"line":31}},"branchMap":{"0":{"loc":{"start":{"line":15,"column":13},"end":{"line":15,"column":41}},"type":"binary-expr","locations":[{"start":{"line":15,"column":13},"end":{"line":15,"column":33}},{"start":{"line":15,"column":37},"end":{"line":15,"column":41}}],"line":15},"1":{"loc":{"start":{"line":16,"column":33},"end":{"line":18,"column":43}},"type":"cond-expr","locations":[{"start":{"line":17,"column":4},"end":{"line":17,"column":44}},{"start":{"line":18,"column":4},"end":{"line":18,"column":43}}],"line":16}},"s":{"0":1,"1":1,"2":1,"3":1,"4":1,"5":1,"6":1,"7":1,"8":1,"9":1,"10":1,"11":1,"12":1,"13":1,"14":1,"15":0,"16":0,"17":1,"18":1,"19":1,"20":1,"21":1},"f":{"0":1,"1":1,"2":1,"3":0,"4":1},"b":{"0":[1,0],"1":[1,0]},"_coverageSchema":"43e27e138ebf9cfc5966b082cf9a028302ed4184","hash":"171008e6a395c0bb2a51a4a5d5e4c8f3aa7226f0"}
,"/Users/ysercanz/Workspaces/workspace.mds/tp-mongo-nodejs-crud/api/actions/todo/index-model.js": {"path":"/Users/ysercanz/Workspaces/workspace.mds/tp-mongo-nodejs-crud/api/actions/todo/index-model.js","statementMap":{"0":{"start":{"line":1,"column":17},"end":{"line":1,"column":36}},"1":{"start":{"line":2,"column":15},"end":{"line":2,"column":30}},"2":{"start":{"line":4,"column":19},"end":{"line":14,"column":2}},"3":{"start":{"line":16,"column":0},"end":{"line":16,"column":51}}},"fnMap":{},"branchMap":{},"s":{"0":1,"1":1,"2":1,"3":1},"f":{},"b":{},"_coverageSchema":"43e27e138ebf9cfc5966b082cf9a028302ed4184","hash":"c9525dfae6bd62d0d85089507f040864411ea423"}
,"/Users/ysercanz/Workspaces/workspace.mds/tp-mongo-nodejs-crud/api/actions/todo/index-router.js": {"path":"/Users/ysercanz/Workspaces/workspace.mds/tp-mongo-nodejs-crud/api/actions/todo/index-router.js","statementMap":{"0":{"start":{"line":1,"column":20},"end":{"line":1,"column":38}},"1":{"start":{"line":2,"column":15},"end":{"line":2,"column":42}},"2":{"start":{"line":4,"column":0},"end":{"line":4,"column":55}},"3":{"start":{"line":5,"column":0},"end":{"line":5,"column":43}},"4":{"start":{"line":6,"column":0},"end":{"line":6,"column":41}},"5":{"start":{"line":7,"column":0},"end":{"line":7,"column":60}},"6":{"start":{"line":8,"column":0},"end":{"line":8,"column":62}},"7":{"start":{"line":9,"column":0},"end":{"line":9,"column":50}},"8":{"start":{"line":11,"column":0},"end":{"line":11,"column":23}}},"fnMap":{},"branchMap":{},"s":{"0":1,"1":1,"2":1,"3":1,"4":1,"5":1,"6":1,"7":1,"8":1},"f":{},"b":{},"_coverageSchema":"43e27e138ebf9cfc5966b082cf9a028302ed4184","hash":"c6454b140ab92afa47858cfbc755a956f8d232f0"}
,"/Users/ysercanz/Workspaces/workspace.mds/tp-mongo-nodejs-crud/api/actions/todo/index-utils.js": {"path":"/Users/ysercanz/Workspaces/workspace.mds/tp-mongo-nodejs-crud/api/actions/todo/index-utils.js","statementMap":{"0":{"start":{"line":1,"column":18},"end":{"line":5,"column":1}},"1":{"start":{"line":2,"column":2},"end":{"line":4,"column":4}},"2":{"start":{"line":7,"column":20},"end":{"line":12,"column":1}},"3":{"start":{"line":8,"column":2},"end":{"line":11,"column":4}},"4":{"start":{"line":14,"column":0},"end":{"line":17,"column":1}}},"fnMap":{"0":{"name":"(anonymous_0)","decl":{"start":{"line":1,"column":18},"end":{"line":1,"column":19}},"loc":{"start":{"line":1,"column":55},"end":{"line":5,"column":1}},"line":1},"1":{"name":"(anonymous_1)","decl":{"start":{"line":7,"column":20},"end":{"line":7,"column":21}},"loc":{"start":{"line":7,"column":56},"end":{"line":12,"column":1}},"line":7}},"branchMap":{"0":{"loc":{"start":{"line":1,"column":24},"end":{"line":1,"column":38}},"type":"default-arg","locations":[{"start":{"line":1,"column":34},"end":{"line":1,"column":38}}],"line":1},"1":{"loc":{"start":{"line":1,"column":40},"end":{"line":1,"column":50}},"type":"default-arg","locations":[{"start":{"line":1,"column":47},"end":{"line":1,"column":50}}],"line":1},"2":{"loc":{"start":{"line":7,"column":26},"end":{"line":7,"column":35}},"type":"default-arg","locations":[{"start":{"line":7,"column":33},"end":{"line":7,"column":35}}],"line":7},"3":{"loc":{"start":{"line":7,"column":37},"end":{"line":7,"column":51}},"type":"default-arg","locations":[{"start":{"line":7,"column":47},"end":{"line":7,"column":51}}],"line":7}},"s":{"0":1,"1":0,"2":1,"3":6,"4":1},"f":{"0":0,"1":6},"b":{"0":[0],"1":[0],"2":[0],"3":[3]},"_coverageSchema":"43e27e138ebf9cfc5966b082cf9a028302ed4184","hash":"b7fbf4d74ce5a9085891ab97486460c0dcc6d148"}
,"/Users/ysercanz/Workspaces/workspace.mds/tp-mongo-nodejs-crud/api/actions/todo/index.js": {"path":"/Users/ysercanz/Workspaces/workspace.mds/tp-mongo-nodejs-crud/api/actions/todo/index.js","statementMap":{"0":{"start":{"line":1,"column":18},"end":{"line":1,"column":42}},"1":{"start":{"line":2,"column":35},"end":{"line":2,"column":59}},"2":{"start":{"line":4,"column":15},"end":{"line":19,"column":1}},"3":{"start":{"line":5,"column":22},"end":{"line":5,"column":50}},"4":{"start":{"line":6,"column":2},"end":{"line":9,"column":3}},"5":{"start":{"line":7,"column":4},"end":{"line":7,"column":52}},"6":{"start":{"line":8,"column":4},"end":{"line":8,"column":10}},"7":{"start":{"line":11,"column":2},"end":{"line":18,"column":6}},"8":{"start":{"line":13,"column":6},"end":{"line":16,"column":7}},"9":{"start":{"line":14,"column":8},"end":{"line":14,"column":46}},"10":{"start":{"line":15,"column":8},"end":{"line":15,"column":14}},"11":{"start":{"line":17,"column":6},"end":{"line":17,"column":28}},"12":{"start":{"line":21,"column":19},"end":{"line":35,"column":1}},"13":{"start":{"line":22,"column":15},"end":{"line":22,"column":38}},"14":{"start":{"line":23,"column":2},"end":{"line":26,"column":3}},"15":{"start":{"line":24,"column":4},"end":{"line":24,"column":45}},"16":{"start":{"line":25,"column":4},"end":{"line":25,"column":10}},"17":{"start":{"line":28,"column":2},"end":{"line":34,"column":4}},"18":{"start":{"line":29,"column":4},"end":{"line":32,"column":5}},"19":{"start":{"line":30,"column":6},"end":{"line":30,"column":43}},"20":{"start":{"line":31,"column":6},"end":{"line":31,"column":12}},"21":{"start":{"line":33,"column":4},"end":{"line":33,"column":26}},"22":{"start":{"line":37,"column":16},"end":{"line":45,"column":1}},"23":{"start":{"line":38,"column":2},"end":{"line":44,"column":4}},"24":{"start":{"line":39,"column":4},"end":{"line":42,"column":5}},"25":{"start":{"line":40,"column":6},"end":{"line":40,"column":44}},"26":{"start":{"line":41,"column":6},"end":{"line":41,"column":12}},"27":{"start":{"line":43,"column":4},"end":{"line":43,"column":27}},"28":{"start":{"line":47,"column":21},"end":{"line":77,"column":1}},"29":{"start":{"line":48,"column":15},"end":{"line":48,"column":38}},"30":{"start":{"line":49,"column":2},"end":{"line":52,"column":3}},"31":{"start":{"line":50,"column":4},"end":{"line":50,"column":45}},"32":{"start":{"line":51,"column":4},"end":{"line":51,"column":10}},"33":{"start":{"line":53,"column":22},"end":{"line":53,"column":50}},"34":{"start":{"line":54,"column":2},"end":{"line":57,"column":3}},"35":{"start":{"line":55,"column":4},"end":{"line":55,"column":53}},"36":{"start":{"line":56,"column":4},"end":{"line":56,"column":10}},"37":{"start":{"line":58,"column":15},"end":{"line":58,"column":36}},"38":{"start":{"line":59,"column":2},"end":{"line":62,"column":3}},"39":{"start":{"line":60,"column":4},"end":{"line":60,"column":45}},"40":{"start":{"line":61,"column":4},"end":{"line":61,"column":10}},"41":{"start":{"line":64,"column":2},"end":{"line":76,"column":3}},"42":{"start":{"line":69,"column":6},"end":{"line":72,"column":7}},"43":{"start":{"line":70,"column":8},"end":{"line":70,"column":45}},"44":{"start":{"line":71,"column":8},"end":{"line":71,"column":14}},"45":{"start":{"line":74,"column":6},"end":{"line":74,"column":57}},"46":{"start":{"line":79,"column":21},"end":{"line":94,"column":1}},"47":{"start":{"line":80,"column":15},"end":{"line":80,"column":38}},"48":{"start":{"line":81,"column":2},"end":{"line":84,"column":3}},"49":{"start":{"line":82,"column":4},"end":{"line":82,"column":45}},"50":{"start":{"line":83,"column":4},"end":{"line":83,"column":10}},"51":{"start":{"line":86,"column":2},"end":{"line":93,"column":4}},"52":{"start":{"line":87,"column":4},"end":{"line":90,"column":5}},"53":{"start":{"line":88,"column":6},"end":{"line":88,"column":43}},"54":{"start":{"line":89,"column":6},"end":{"line":89,"column":12}},"55":{"start":{"line":92,"column":4},"end":{"line":92,"column":55}},"56":{"start":{"line":96,"column":18},"end":{"line":105,"column":1}},"57":{"start":{"line":97,"column":2},"end":{"line":104,"column":4}},"58":{"start":{"line":98,"column":4},"end":{"line":101,"column":5}},"59":{"start":{"line":99,"column":6},"end":{"line":99,"column":44}},"60":{"start":{"line":100,"column":6},"end":{"line":100,"column":12}},"61":{"start":{"line":103,"column":4},"end":{"line":103,"column":56}},"62":{"start":{"line":107,"column":0},"end":{"line":114,"column":1}}},"fnMap":{"0":{"name":"(anonymous_0)","decl":{"start":{"line":4,"column":15},"end":{"line":4,"column":16}},"loc":{"start":{"line":4,"column":29},"end":{"line":19,"column":1}},"line":4},"1":{"name":"(anonymous_1)","decl":{"start":{"line":12,"column":10},"end":{"line":12,"column":11}},"loc":{"start":{"line":12,"column":25},"end":{"line":18,"column":5}},"line":12},"2":{"name":"(anonymous_2)","decl":{"start":{"line":21,"column":19},"end":{"line":21,"column":20}},"loc":{"start":{"line":21,"column":33},"end":{"line":35,"column":1}},"line":21},"3":{"name":"(anonymous_3)","decl":{"start":{"line":28,"column":27},"end":{"line":28,"column":28}},"loc":{"start":{"line":28,"column":42},"end":{"line":34,"column":3}},"line":28},"4":{"name":"(anonymous_4)","decl":{"start":{"line":37,"column":16},"end":{"line":37,"column":17}},"loc":{"start":{"line":37,"column":30},"end":{"line":45,"column":1}},"line":37},"5":{"name":"(anonymous_5)","decl":{"start":{"line":38,"column":21},"end":{"line":38,"column":22}},"loc":{"start":{"line":38,"column":37},"end":{"line":44,"column":3}},"line":38},"6":{"name":"(anonymous_6)","decl":{"start":{"line":47,"column":21},"end":{"line":47,"column":22}},"loc":{"start":{"line":47,"column":35},"end":{"line":77,"column":1}},"line":47},"7":{"name":"(anonymous_7)","decl":{"start":{"line":68,"column":4},"end":{"line":68,"column":5}},"loc":{"start":{"line":68,"column":19},"end":{"line":75,"column":5}},"line":68},"8":{"name":"(anonymous_8)","decl":{"start":{"line":79,"column":21},"end":{"line":79,"column":22}},"loc":{"start":{"line":79,"column":35},"end":{"line":94,"column":1}},"line":79},"9":{"name":"(anonymous_9)","decl":{"start":{"line":86,"column":37},"end":{"line":86,"column":38}},"loc":{"start":{"line":86,"column":53},"end":{"line":93,"column":3}},"line":86},"10":{"name":"(anonymous_10)","decl":{"start":{"line":96,"column":18},"end":{"line":96,"column":19}},"loc":{"start":{"line":96,"column":32},"end":{"line":105,"column":1}},"line":96},"11":{"name":"(anonymous_11)","decl":{"start":{"line":97,"column":27},"end":{"line":97,"column":28}},"loc":{"start":{"line":97,"column":36},"end":{"line":104,"column":3}},"line":97}},"branchMap":{"0":{"loc":{"start":{"line":5,"column":22},"end":{"line":5,"column":50}},"type":"binary-expr","locations":[{"start":{"line":5,"column":22},"end":{"line":5,"column":42}},{"start":{"line":5,"column":46},"end":{"line":5,"column":50}}],"line":5},"1":{"loc":{"start":{"line":6,"column":2},"end":{"line":9,"column":3}},"type":"if","locations":[{"start":{"line":6,"column":2},"end":{"line":9,"column":3}},{"start":{"line":6,"column":2},"end":{"line":9,"column":3}}],"line":6},"2":{"loc":{"start":{"line":13,"column":6},"end":{"line":16,"column":7}},"type":"if","locations":[{"start":{"line":13,"column":6},"end":{"line":16,"column":7}},{"start":{"line":13,"column":6},"end":{"line":16,"column":7}}],"line":13},"3":{"loc":{"start":{"line":22,"column":15},"end":{"line":22,"column":38}},"type":"binary-expr","locations":[{"start":{"line":22,"column":15},"end":{"line":22,"column":30}},{"start":{"line":22,"column":34},"end":{"line":22,"column":38}}],"line":22},"4":{"loc":{"start":{"line":23,"column":2},"end":{"line":26,"column":3}},"type":"if","locations":[{"start":{"line":23,"column":2},"end":{"line":26,"column":3}},{"start":{"line":23,"column":2},"end":{"line":26,"column":3}}],"line":23},"5":{"loc":{"start":{"line":29,"column":4},"end":{"line":32,"column":5}},"type":"if","locations":[{"start":{"line":29,"column":4},"end":{"line":32,"column":5}},{"start":{"line":29,"column":4},"end":{"line":32,"column":5}}],"line":29},"6":{"loc":{"start":{"line":39,"column":4},"end":{"line":42,"column":5}},"type":"if","locations":[{"start":{"line":39,"column":4},"end":{"line":42,"column":5}},{"start":{"line":39,"column":4},"end":{"line":42,"column":5}}],"line":39},"7":{"loc":{"start":{"line":48,"column":15},"end":{"line":48,"column":38}},"type":"binary-expr","locations":[{"start":{"line":48,"column":15},"end":{"line":48,"column":30}},{"start":{"line":48,"column":34},"end":{"line":48,"column":38}}],"line":48},"8":{"loc":{"start":{"line":49,"column":2},"end":{"line":52,"column":3}},"type":"if","locations":[{"start":{"line":49,"column":2},"end":{"line":52,"column":3}},{"start":{"line":49,"column":2},"end":{"line":52,"column":3}}],"line":49},"9":{"loc":{"start":{"line":53,"column":22},"end":{"line":53,"column":50}},"type":"binary-expr","locations":[{"start":{"line":53,"column":22},"end":{"line":53,"column":42}},{"start":{"line":53,"column":46},"end":{"line":53,"column":50}}],"line":53},"10":{"loc":{"start":{"line":54,"column":2},"end":{"line":57,"column":3}},"type":"if","locations":[{"start":{"line":54,"column":2},"end":{"line":57,"column":3}},{"start":{"line":54,"column":2},"end":{"line":57,"column":3}}],"line":54},"11":{"loc":{"start":{"line":58,"column":15},"end":{"line":58,"column":36}},"type":"binary-expr","locations":[{"start":{"line":58,"column":15},"end":{"line":58,"column":28}},{"start":{"line":58,"column":32},"end":{"line":58,"column":36}}],"line":58},"12":{"loc":{"start":{"line":59,"column":2},"end":{"line":62,"column":3}},"type":"if","locations":[{"start":{"line":59,"column":2},"end":{"line":62,"column":3}},{"start":{"line":59,"column":2},"end":{"line":62,"column":3}}],"line":59},"13":{"loc":{"start":{"line":69,"column":6},"end":{"line":72,"column":7}},"type":"if","locations":[{"start":{"line":69,"column":6},"end":{"line":72,"column":7}},{"start":{"line":69,"column":6},"end":{"line":72,"column":7}}],"line":69},"14":{"loc":{"start":{"line":69,"column":10},"end":{"line":69,"column":22}},"type":"binary-expr","locations":[{"start":{"line":69,"column":10},"end":{"line":69,"column":13}},{"start":{"line":69,"column":17},"end":{"line":69,"column":22}}],"line":69},"15":{"loc":{"start":{"line":80,"column":15},"end":{"line":80,"column":38}},"type":"binary-expr","locations":[{"start":{"line":80,"column":15},"end":{"line":80,"column":30}},{"start":{"line":80,"column":34},"end":{"line":80,"column":38}}],"line":80},"16":{"loc":{"start":{"line":81,"column":2},"end":{"line":84,"column":3}},"type":"if","locations":[{"start":{"line":81,"column":2},"end":{"line":84,"column":3}},{"start":{"line":81,"column":2},"end":{"line":84,"column":3}}],"line":81},"17":{"loc":{"start":{"line":87,"column":4},"end":{"line":90,"column":5}},"type":"if","locations":[{"start":{"line":87,"column":4},"end":{"line":90,"column":5}},{"start":{"line":87,"column":4},"end":{"line":90,"column":5}}],"line":87},"18":{"loc":{"start":{"line":87,"column":8},"end":{"line":87,"column":22}},"type":"binary-expr","locations":[{"start":{"line":87,"column":8},"end":{"line":87,"column":11}},{"start":{"line":87,"column":15},"end":{"line":87,"column":22}}],"line":87},"19":{"loc":{"start":{"line":98,"column":4},"end":{"line":101,"column":5}},"type":"if","locations":[{"start":{"line":98,"column":4},"end":{"line":101,"column":5}},{"start":{"line":98,"column":4},"end":{"line":101,"column":5}}],"line":98}},"s":{"0":1,"1":1,"2":1,"3":1,"4":1,"5":0,"6":0,"7":1,"8":1,"9":0,"10":0,"11":1,"12":1,"13":1,"14":1,"15":0,"16":0,"17":1,"18":1,"19":0,"20":0,"21":1,"22":1,"23":1,"24":1,"25":0,"26":0,"27":1,"28":1,"29":1,"30":1,"31":0,"32":0,"33":1,"34":1,"35":0,"36":0,"37":1,"38":1,"39":0,"40":0,"41":1,"42":1,"43":0,"44":0,"45":1,"46":1,"47":1,"48":1,"49":0,"50":0,"51":1,"52":1,"53":0,"54":0,"55":1,"56":1,"57":1,"58":1,"59":0,"60":0,"61":1,"62":1},"f":{"0":1,"1":1,"2":1,"3":1,"4":1,"5":1,"6":1,"7":1,"8":1,"9":1,"10":1,"11":1},"b":{"0":[1,0],"1":[0,1],"2":[0,1],"3":[1,0],"4":[0,1],"5":[0,1],"6":[0,1],"7":[1,0],"8":[0,1],"9":[1,0],"10":[0,1],"11":[1,0],"12":[0,1],"13":[0,1],"14":[1,1],"15":[1,0],"16":[0,1],"17":[0,1],"18":[1,1],"19":[0,1]},"_coverageSchema":"43e27e138ebf9cfc5966b082cf9a028302ed4184","hash":"decea1eca6141db7e3b4f5db06a19dcb5091fc23"}
}
