TN:
SF:/Users/ysercanz/Workspaces/workspace.mds/tp-mongo-nodejs-crud/api/index.js
FN:20,(anonymous_0)
FN:21,(anonymous_1)
FN:24,(anonymous_2)
FN:25,(anonymous_3)
FN:31,(anonymous_4)
FNF:5
FNH:4
FNDA:1,(anonymous_0)
FNDA:1,(anonymous_1)
FNDA:1,(anonymous_2)
FNDA:0,(anonymous_3)
FNDA:1,(anonymous_4)
DA:1,1
DA:2,1
DA:3,1
DA:4,1
DA:5,1
DA:6,1
DA:8,1
DA:9,1
DA:11,1
DA:15,1
DA:16,1
DA:20,1
DA:21,1
DA:22,1
DA:24,1
DA:26,0
DA:27,0
DA:30,1
DA:31,1
DA:32,1
DA:39,1
LF:21
LH:19
BRDA:15,0,0,1
BRDA:15,0,1,0
BRDA:16,1,0,1
BRDA:16,1,1,0
BRF:4
BRH:2
end_of_record
TN:
SF:/Users/ysercanz/Workspaces/workspace.mds/tp-mongo-nodejs-crud/api/actions/todo/index-model.js
FNF:0
FNH:0
DA:1,1
DA:2,1
DA:4,1
DA:16,1
LF:4
LH:4
BRF:0
BRH:0
end_of_record
TN:
SF:/Users/ysercanz/Workspaces/workspace.mds/tp-mongo-nodejs-crud/api/actions/todo/index-router.js
FNF:0
FNH:0
DA:1,1
DA:2,1
DA:4,1
DA:5,1
DA:6,1
DA:7,1
DA:8,1
DA:9,1
DA:11,1
LF:9
LH:9
BRF:0
BRH:0
end_of_record
TN:
SF:/Users/ysercanz/Workspaces/workspace.mds/tp-mongo-nodejs-crud/api/actions/todo/index-utils.js
FN:1,(anonymous_0)
FN:7,(anonymous_1)
FNF:2
FNH:1
FNDA:0,(anonymous_0)
FNDA:6,(anonymous_1)
DA:1,1
DA:2,0
DA:7,1
DA:8,6
DA:14,1
LF:5
LH:4
BRDA:1,0,0,0
BRDA:1,1,0,0
BRDA:7,2,0,0
BRDA:7,3,0,3
BRF:4
BRH:1
end_of_record
TN:
SF:/Users/ysercanz/Workspaces/workspace.mds/tp-mongo-nodejs-crud/api/actions/todo/index.js
FN:4,(anonymous_0)
FN:12,(anonymous_1)
FN:21,(anonymous_2)
FN:28,(anonymous_3)
FN:37,(anonymous_4)
FN:38,(anonymous_5)
FN:47,(anonymous_6)
FN:68,(anonymous_7)
FN:79,(anonymous_8)
FN:86,(anonymous_9)
FN:96,(anonymous_10)
FN:97,(anonymous_11)
FNF:12
FNH:12
FNDA:1,(anonymous_0)
FNDA:1,(anonymous_1)
FNDA:1,(anonymous_2)
FNDA:1,(anonymous_3)
FNDA:1,(anonymous_4)
FNDA:1,(anonymous_5)
FNDA:1,(anonymous_6)
FNDA:1,(anonymous_7)
FNDA:1,(anonymous_8)
FNDA:1,(anonymous_9)
FNDA:1,(anonymous_10)
FNDA:1,(anonymous_11)
DA:1,1
DA:2,1
DA:4,1
DA:5,1
DA:6,1
DA:7,0
DA:8,0
DA:11,1
DA:13,1
DA:14,0
DA:15,0
DA:17,1
DA:21,1
DA:22,1
DA:23,1
DA:24,0
DA:25,0
DA:28,1
DA:29,1
DA:30,0
DA:31,0
DA:33,1
DA:37,1
DA:38,1
DA:39,1
DA:40,0
DA:41,0
DA:43,1
DA:47,1
DA:48,1
DA:49,1
DA:50,0
DA:51,0
DA:53,1
DA:54,1
DA:55,0
DA:56,0
DA:58,1
DA:59,1
DA:60,0
DA:61,0
DA:64,1
DA:69,1
DA:70,0
DA:71,0
DA:74,1
DA:79,1
DA:80,1
DA:81,1
DA:82,0
DA:83,0
DA:86,1
DA:87,1
DA:88,0
DA:89,0
DA:92,1
DA:96,1
DA:97,1
DA:98,1
DA:99,0
DA:100,0
DA:103,1
DA:107,1
LF:63
LH:39
BRDA:5,0,0,1
BRDA:5,0,1,0
BRDA:6,1,0,0
BRDA:6,1,1,1
BRDA:13,2,0,0
BRDA:13,2,1,1
BRDA:22,3,0,1
BRDA:22,3,1,0
BRDA:23,4,0,0
BRDA:23,4,1,1
BRDA:29,5,0,0
BRDA:29,5,1,1
BRDA:39,6,0,0
BRDA:39,6,1,1
BRDA:48,7,0,1
BRDA:48,7,1,0
BRDA:49,8,0,0
BRDA:49,8,1,1
BRDA:53,9,0,1
BRDA:53,9,1,0
BRDA:54,10,0,0
BRDA:54,10,1,1
BRDA:58,11,0,1
BRDA:58,11,1,0
BRDA:59,12,0,0
BRDA:59,12,1,1
BRDA:69,13,0,0
BRDA:69,13,1,1
BRDA:69,14,0,1
BRDA:69,14,1,1
BRDA:80,15,0,1
BRDA:80,15,1,0
BRDA:81,16,0,0
BRDA:81,16,1,1
BRDA:87,17,0,0
BRDA:87,17,1,1
BRDA:87,18,0,1
BRDA:87,18,1,1
BRDA:98,19,0,0
BRDA:98,19,1,1
BRF:40
BRH:22
end_of_record
